1749224430.759309 client started (9515): version 3.4, socket /private/tmp/tmux-501/default, protocol 8
1749224430.759403 on Darwin 24.5.0 Darwin Kernel Version 24.5.0: Tue Apr 22 19:54:49 PDT 2025; root:xnu-11417.121.6~2/RELEASE_ARM64_T6000
1749224430.759417 using libevent 2.1.12-stable select
1749224430.759431 using utf8proc 2.10.0
1749224430.759439 using ncurses 6.5 20240427
1749224430.759462 flags are 0x18010000
1749224430.759470 socket is /private/tmp/tmux-501/default
1749224430.759481 trying connect
1749224430.759498 connect failed: Connection refused
1749224430.759515 lock file is /private/tmp/tmux-501/default.lock
1749224430.759620 flock succeeded
1749224430.759628 got lock (6)
1749224430.759636 trying connect
1749224430.759645 connect failed: Connection refused
1749224430.760065 add peer 0x118008000: 7 (0x0)
1749224430.763976 sending message 100 to peer 0x118008000 (4 bytes)
1749224430.763996 sending message 111 to peer 0x118008000 (8 bytes)
1749224430.764006 sending message 101 to peer 0x118008000 (14 bytes)
1749224430.764017 sending message 109 to peer 0x118008000 (4 bytes)
1749224430.764025 sending message 102 to peer 0x118008000 (13 bytes)
1749224430.764032 sending message 108 to peer 0x118008000 (44 bytes)
1749224430.764038 sending message 112 to peer 0x118008000 (70 bytes)
1749224430.764044 sending message 112 to peer 0x118008000 (5 bytes)
1749224430.764050 sending message 112 to peer 0x118008000 (5 bytes)
1749224430.764058 sending message 112 to peer 0x118008000 (6 bytes)
1749224430.764064 sending message 112 to peer 0x118008000 (6 bytes)
1749224430.764072 sending message 112 to peer 0x118008000 (11 bytes)
1749224430.764078 sending message 112 to peer 0x118008000 (10 bytes)
1749224430.764085 sending message 112 to peer 0x118008000 (13 bytes)
1749224430.764092 sending message 112 to peer 0x118008000 (14 bytes)
1749224430.764099 sending message 112 to peer 0x118008000 (9 bytes)
1749224430.764105 sending message 112 to peer 0x118008000 (21 bytes)
1749224430.764112 sending message 112 to peer 0x118008000 (19 bytes)
1749224430.764119 sending message 112 to peer 0x118008000 (11 bytes)
1749224430.764126 sending message 112 to peer 0x118008000 (21 bytes)
1749224430.764132 sending message 112 to peer 0x118008000 (13 bytes)
1749224430.764139 sending message 112 to peer 0x118008000 (7 bytes)
1749224430.764147 sending message 112 to peer 0x118008000 (13 bytes)
1749224430.764153 sending message 112 to peer 0x118008000 (7 bytes)
1749224430.764160 sending message 112 to peer 0x118008000 (13 bytes)
1749224430.764167 sending message 112 to peer 0x118008000 (9 bytes)
1749224430.764174 sending message 112 to peer 0x118008000 (21 bytes)
1749224430.764181 sending message 112 to peer 0x118008000 (13 bytes)
1749224430.764188 sending message 112 to peer 0x118008000 (9 bytes)
1749224430.764194 sending message 112 to peer 0x118008000 (16 bytes)
1749224430.764201 sending message 112 to peer 0x118008000 (13 bytes)
1749224430.764208 sending message 112 to peer 0x118008000 (9 bytes)
1749224430.764215 sending message 112 to peer 0x118008000 (9 bytes)
1749224430.764221 sending message 112 to peer 0x118008000 (12 bytes)
1749224430.764228 sending message 112 to peer 0x118008000 (8 bytes)
1749224430.764234 sending message 112 to peer 0x118008000 (12 bytes)
1749224430.764239 sending message 112 to peer 0x118008000 (8 bytes)
1749224430.764245 sending message 112 to peer 0x118008000 (13 bytes)
1749224430.764252 sending message 112 to peer 0x118008000 (7 bytes)
1749224430.764259 sending message 112 to peer 0x118008000 (7 bytes)
1749224430.764266 sending message 112 to peer 0x118008000 (9 bytes)
1749224430.764272 sending message 112 to peer 0x118008000 (12 bytes)
1749224430.764279 sending message 112 to peer 0x118008000 (6 bytes)
1749224430.764286 sending message 112 to peer 0x118008000 (9 bytes)
1749224430.764293 sending message 112 to peer 0x118008000 (15 bytes)
1749224430.764299 sending message 112 to peer 0x118008000 (13 bytes)
1749224430.764307 sending message 112 to peer 0x118008000 (9 bytes)
1749224430.764314 sending message 112 to peer 0x118008000 (12 bytes)
1749224430.764331 sending message 112 to peer 0x118008000 (8 bytes)
1749224430.764336 sending message 112 to peer 0x118008000 (14 bytes)
1749224430.764341 sending message 112 to peer 0x118008000 (11 bytes)
1749224430.764346 sending message 112 to peer 0x118008000 (9 bytes)
1749224430.764351 sending message 112 to peer 0x118008000 (10 bytes)
1749224430.764356 sending message 112 to peer 0x118008000 (10 bytes)
1749224430.764361 sending message 112 to peer 0x118008000 (10 bytes)
1749224430.764366 sending message 112 to peer 0x118008000 (10 bytes)
1749224430.764372 sending message 112 to peer 0x118008000 (11 bytes)
1749224430.764378 sending message 112 to peer 0x118008000 (12 bytes)
1749224430.764384 sending message 112 to peer 0x118008000 (12 bytes)
1749224430.764388 sending message 112 to peer 0x118008000 (12 bytes)
1749224430.764393 sending message 112 to peer 0x118008000 (12 bytes)
1749224430.764398 sending message 112 to peer 0x118008000 (12 bytes)
1749224430.764403 sending message 112 to peer 0x118008000 (11 bytes)
1749224430.764408 sending message 112 to peer 0x118008000 (11 bytes)
1749224430.764413 sending message 112 to peer 0x118008000 (12 bytes)
1749224430.764417 sending message 112 to peer 0x118008000 (12 bytes)
1749224430.764420 sending message 112 to peer 0x118008000 (12 bytes)
1749224430.764425 sending message 112 to peer 0x118008000 (12 bytes)
1749224430.764430 sending message 112 to peer 0x118008000 (12 bytes)
1749224430.764435 sending message 112 to peer 0x118008000 (9 bytes)
1749224430.764440 sending message 112 to peer 0x118008000 (12 bytes)
1749224430.764445 sending message 112 to peer 0x118008000 (13 bytes)
1749224430.764450 sending message 112 to peer 0x118008000 (13 bytes)
1749224430.764454 sending message 112 to peer 0x118008000 (13 bytes)
1749224430.764460 sending message 112 to peer 0x118008000 (13 bytes)
1749224430.764463 sending message 112 to peer 0x118008000 (13 bytes)
1749224430.764467 sending message 112 to peer 0x118008000 (8 bytes)
1749224430.764471 sending message 112 to peer 0x118008000 (11 bytes)
1749224430.764476 sending message 112 to peer 0x118008000 (11 bytes)
1749224430.764481 sending message 112 to peer 0x118008000 (11 bytes)
1749224430.764486 sending message 112 to peer 0x118008000 (12 bytes)
1749224430.764491 sending message 112 to peer 0x118008000 (12 bytes)
1749224430.764496 sending message 112 to peer 0x118008000 (12 bytes)
1749224430.764500 sending message 112 to peer 0x118008000 (12 bytes)
1749224430.764505 sending message 112 to peer 0x118008000 (13 bytes)
1749224430.764510 sending message 112 to peer 0x118008000 (13 bytes)
1749224430.764515 sending message 112 to peer 0x118008000 (13 bytes)
1749224430.764520 sending message 112 to peer 0x118008000 (8 bytes)
1749224430.764527 sending message 112 to peer 0x118008000 (13 bytes)
1749224430.764532 sending message 112 to peer 0x118008000 (13 bytes)
1749224430.764537 sending message 112 to peer 0x118008000 (13 bytes)
1749224430.764542 sending message 112 to peer 0x118008000 (13 bytes)
1749224430.764547 sending message 112 to peer 0x118008000 (13 bytes)
1749224430.764552 sending message 112 to peer 0x118008000 (12 bytes)
1749224430.764557 sending message 112 to peer 0x118008000 (12 bytes)
1749224430.764562 sending message 112 to peer 0x118008000 (12 bytes)
1749224430.764567 sending message 112 to peer 0x118008000 (12 bytes)
1749224430.764572 sending message 112 to peer 0x118008000 (13 bytes)
1749224430.764577 sending message 112 to peer 0x118008000 (8 bytes)
1749224430.764582 sending message 112 to peer 0x118008000 (13 bytes)
1749224430.764587 sending message 112 to peer 0x118008000 (13 bytes)
1749224430.764592 sending message 112 to peer 0x118008000 (13 bytes)
1749224430.764597 sending message 112 to peer 0x118008000 (13 bytes)
1749224430.764602 sending message 112 to peer 0x118008000 (13 bytes)
1749224430.764607 sending message 112 to peer 0x118008000 (13 bytes)
1749224430.764612 sending message 112 to peer 0x118008000 (13 bytes)
1749224430.764617 sending message 112 to peer 0x118008000 (12 bytes)
1749224430.764621 sending message 112 to peer 0x118008000 (12 bytes)
1749224430.764635 sending message 112 to peer 0x118008000 (12 bytes)
1749224430.764640 sending message 112 to peer 0x118008000 (8 bytes)
1749224430.764645 sending message 112 to peer 0x118008000 (12 bytes)
1749224430.764650 sending message 112 to peer 0x118008000 (13 bytes)
1749224430.764655 sending message 112 to peer 0x118008000 (13 bytes)
1749224430.764660 sending message 112 to peer 0x118008000 (13 bytes)
1749224430.764666 sending message 112 to peer 0x118008000 (13 bytes)
1749224430.764672 sending message 112 to peer 0x118008000 (13 bytes)
1749224430.764678 sending message 112 to peer 0x118008000 (13 bytes)
1749224430.764682 sending message 112 to peer 0x118008000 (13 bytes)
1749224430.764686 sending message 112 to peer 0x118008000 (13 bytes)
1749224430.764691 sending message 112 to peer 0x118008000 (12 bytes)
1749224430.764696 sending message 112 to peer 0x118008000 (10 bytes)
1749224430.764701 sending message 112 to peer 0x118008000 (12 bytes)
1749224430.764706 sending message 112 to peer 0x118008000 (12 bytes)
1749224430.764711 sending message 112 to peer 0x118008000 (12 bytes)
1749224430.764716 sending message 112 to peer 0x118008000 (13 bytes)
1749224430.764722 sending message 112 to peer 0x118008000 (13 bytes)
1749224430.764727 sending message 112 to peer 0x118008000 (13 bytes)
1749224430.764733 sending message 112 to peer 0x118008000 (13 bytes)
1749224430.764737 sending message 112 to peer 0x118008000 (13 bytes)
1749224430.764742 sending message 112 to peer 0x118008000 (13 bytes)
1749224430.764747 sending message 112 to peer 0x118008000 (13 bytes)
1749224430.764752 sending message 112 to peer 0x118008000 (10 bytes)
1749224430.764756 sending message 112 to peer 0x118008000 (13 bytes)
1749224430.764761 sending message 112 to peer 0x118008000 (12 bytes)
1749224430.764766 sending message 112 to peer 0x118008000 (12 bytes)
1749224430.764772 sending message 112 to peer 0x118008000 (12 bytes)
1749224430.764778 sending message 112 to peer 0x118008000 (10 bytes)
1749224430.764782 sending message 112 to peer 0x118008000 (10 bytes)
1749224430.764787 sending message 112 to peer 0x118008000 (10 bytes)
1749224430.764792 sending message 112 to peer 0x118008000 (12 bytes)
1749224430.764798 sending message 112 to peer 0x118008000 (13 bytes)
1749224430.764802 sending message 112 to peer 0x118008000 (13 bytes)
1749224430.764806 sending message 112 to peer 0x118008000 (13 bytes)
1749224430.764810 sending message 112 to peer 0x118008000 (13 bytes)
1749224430.764815 sending message 112 to peer 0x118008000 (13 bytes)
1749224430.764820 sending message 112 to peer 0x118008000 (10 bytes)
1749224430.764825 sending message 112 to peer 0x118008000 (11 bytes)
1749224430.764830 sending message 112 to peer 0x118008000 (12 bytes)
1749224430.764835 sending message 112 to peer 0x118008000 (12 bytes)
1749224430.764840 sending message 112 to peer 0x118008000 (12 bytes)
1749224430.764843 sending message 112 to peer 0x118008000 (12 bytes)
1749224430.764847 sending message 112 to peer 0x118008000 (12 bytes)
1749224430.764852 sending message 112 to peer 0x118008000 (11 bytes)
1749224430.764856 sending message 112 to peer 0x118008000 (12 bytes)
1749224430.764859 sending message 112 to peer 0x118008000 (12 bytes)
1749224430.764863 sending message 112 to peer 0x118008000 (13 bytes)
1749224430.764867 sending message 112 to peer 0x118008000 (13 bytes)
1749224430.764872 sending message 112 to peer 0x118008000 (13 bytes)
1749224430.764875 sending message 112 to peer 0x118008000 (13 bytes)
1749224430.764880 sending message 112 to peer 0x118008000 (13 bytes)
1749224430.764885 sending message 112 to peer 0x118008000 (10 bytes)
1749224430.764890 sending message 112 to peer 0x118008000 (9 bytes)
1749224430.764895 sending message 112 to peer 0x118008000 (12 bytes)
1749224430.764900 sending message 112 to peer 0x118008000 (13 bytes)
1749224430.764905 sending message 112 to peer 0x118008000 (13 bytes)
1749224430.764911 sending message 112 to peer 0x118008000 (13 bytes)
1749224430.764916 sending message 112 to peer 0x118008000 (13 bytes)
1749224430.764928 sending message 112 to peer 0x118008000 (13 bytes)
1749224430.764933 sending message 112 to peer 0x118008000 (9 bytes)
1749224430.764938 sending message 112 to peer 0x118008000 (12 bytes)
1749224430.764943 sending message 112 to peer 0x118008000 (13 bytes)
1749224430.764948 sending message 112 to peer 0x118008000 (13 bytes)
1749224430.764954 sending message 112 to peer 0x118008000 (13 bytes)
1749224430.764959 sending message 112 to peer 0x118008000 (13 bytes)
1749224430.764964 sending message 112 to peer 0x118008000 (13 bytes)
1749224430.764968 sending message 112 to peer 0x118008000 (11 bytes)
1749224430.764973 sending message 112 to peer 0x118008000 (12 bytes)
1749224430.764978 sending message 112 to peer 0x118008000 (13 bytes)
1749224430.764983 sending message 112 to peer 0x118008000 (13 bytes)
1749224430.764988 sending message 112 to peer 0x118008000 (13 bytes)
1749224430.764994 sending message 112 to peer 0x118008000 (13 bytes)
1749224430.765001 sending message 112 to peer 0x118008000 (13 bytes)
1749224430.765004 sending message 112 to peer 0x118008000 (11 bytes)
1749224430.765009 sending message 112 to peer 0x118008000 (12 bytes)
1749224430.765014 sending message 112 to peer 0x118008000 (12 bytes)
1749224430.765019 sending message 112 to peer 0x118008000 (12 bytes)
1749224430.765024 sending message 112 to peer 0x118008000 (12 bytes)
1749224430.765029 sending message 112 to peer 0x118008000 (12 bytes)
1749224430.765033 sending message 112 to peer 0x118008000 (21 bytes)
1749224430.765039 sending message 112 to peer 0x118008000 (12 bytes)
1749224430.765044 sending message 112 to peer 0x118008000 (9 bytes)
1749224430.765049 sending message 112 to peer 0x118008000 (6 bytes)
1749224430.765053 sending message 112 to peer 0x118008000 (13 bytes)
1749224430.765059 sending message 112 to peer 0x118008000 (10 bytes)
1749224430.765062 sending message 112 to peer 0x118008000 (15 bytes)
1749224430.765066 sending message 112 to peer 0x118008000 (13 bytes)
1749224430.765072 sending message 112 to peer 0x118008000 (9 bytes)
1749224430.765075 sending message 112 to peer 0x118008000 (70 bytes)
1749224430.765080 sending message 112 to peer 0x118008000 (69 bytes)
1749224430.765085 sending message 112 to peer 0x118008000 (34 bytes)
1749224430.765090 sending message 112 to peer 0x118008000 (34 bytes)
1749224430.765095 sending message 112 to peer 0x118008000 (70 bytes)
1749224430.765101 sending message 112 to peer 0x118008000 (12 bytes)
1749224430.765106 sending message 112 to peer 0x118008000 (10 bytes)
1749224430.765111 sending message 112 to peer 0x118008000 (10 bytes)
1749224430.765117 sending message 112 to peer 0x118008000 (15 bytes)
1749224430.765123 sending message 112 to peer 0x118008000 (13 bytes)
1749224430.765128 sending message 112 to peer 0x118008000 (10 bytes)
1749224430.765132 sending message 112 to peer 0x118008000 (10 bytes)
1749224430.765137 sending message 112 to peer 0x118008000 (17 bytes)
1749224430.765142 sending message 112 to peer 0x118008000 (10 bytes)
1749224430.765147 sending message 112 to peer 0x118008000 (13 bytes)
1749224430.765153 sending message 112 to peer 0x118008000 (32 bytes)
1749224430.765157 sending message 112 to peer 0x118008000 (5 bytes)
1749224430.765162 sending message 112 to peer 0x118008000 (9 bytes)
1749224430.765167 sending message 112 to peer 0x118008000 (15 bytes)
1749224430.765173 sending message 112 to peer 0x118008000 (5 bytes)
1749224430.765179 sending message 104 to peer 0x118008000 (0 bytes)
1749224430.765184 sending message 110 to peer 0x118008000 (0 bytes)
1749224430.765190 sending message 107 to peer 0x118008000 (4 bytes)
1749224430.765195 sending message 105 to peer 0x118008000 (182 bytes)
1749224430.765200 sending message 105 to peer 0x118008000 (75 bytes)
1749224430.765206 sending message 105 to peer 0x118008000 (21 bytes)
1749224430.765212 sending message 105 to peer 0x118008000 (15 bytes)
1749224430.765215 sending message 105 to peer 0x118008000 (19 bytes)
1749224430.765220 sending message 105 to peer 0x118008000 (57 bytes)
1749224430.765225 sending message 105 to peer 0x118008000 (27 bytes)
1749224430.765243 sending message 105 to peer 0x118008000 (21 bytes)
1749224430.765249 sending message 105 to peer 0x118008000 (22 bytes)
1749224430.765253 sending message 105 to peer 0x118008000 (66 bytes)
1749224430.765256 sending message 105 to peer 0x118008000 (32 bytes)
1749224430.765262 sending message 105 to peer 0x118008000 (728 bytes)
1749224430.765266 sending message 105 to peer 0x118008000 (43 bytes)
1749224430.765271 sending message 105 to peer 0x118008000 (48 bytes)
1749224430.765276 sending message 105 to peer 0x118008000 (17 bytes)
1749224430.765281 sending message 105 to peer 0x118008000 (14 bytes)
1749224430.765286 sending message 105 to peer 0x118008000 (19 bytes)
1749224430.765292 sending message 105 to peer 0x118008000 (8 bytes)
1749224430.765297 sending message 105 to peer 0x118008000 (28 bytes)
1749224430.765302 sending message 105 to peer 0x118008000 (63 bytes)
1749224430.765307 sending message 105 to peer 0x118008000 (36 bytes)
1749224430.765312 sending message 105 to peer 0x118008000 (24 bytes)
1749224430.765324 sending message 105 to peer 0x118008000 (98 bytes)
1749224430.765330 sending message 105 to peer 0x118008000 (57 bytes)
1749224430.765336 sending message 105 to peer 0x118008000 (64 bytes)
1749224430.765341 sending message 105 to peer 0x118008000 (20 bytes)
1749224430.765347 sending message 105 to peer 0x118008000 (30 bytes)
1749224430.765352 sending message 105 to peer 0x118008000 (30 bytes)
1749224430.765358 sending message 105 to peer 0x118008000 (37 bytes)
1749224430.765363 sending message 105 to peer 0x118008000 (34 bytes)
1749224430.765369 sending message 105 to peer 0x118008000 (35 bytes)
1749224430.765373 sending message 105 to peer 0x118008000 (38 bytes)
1749224430.765378 sending message 105 to peer 0x118008000 (11 bytes)
1749224430.765382 sending message 105 to peer 0x118008000 (8 bytes)
1749224430.765388 sending message 105 to peer 0x118008000 (32 bytes)
1749224430.765393 sending message 105 to peer 0x118008000 (47 bytes)
1749224430.765398 sending message 105 to peer 0x118008000 (25 bytes)
1749224430.765403 sending message 106 to peer 0x118008000 (0 bytes)
1749224430.765466 sending message 200 to peer 0x118008000 (4 bytes)
1749224430.765472 client loop enter
1749224430.765494 client_signal: Child exited: 20
1749224430.827353 peer 0x118008000 message 207
1749224430.827382 sending message 208 to peer 0x118008000 (0 bytes)
1749224435.558214 peer 0x118008000 message 203
1749224435.558225 sending message 205 to peer 0x118008000 (0 bytes)
1749224435.558389 peer 0x118008000 message 204
1749224435.558396 client loop exit
