1749224424.575327 client started (9462): version 3.4, socket /private/tmp/tmux-501/default, protocol 8
1749224424.575393 on Darwin 24.5.0 Darwin Kernel Version 24.5.0: Tue Apr 22 19:54:49 PDT 2025; root:xnu-11417.121.6~2/RELEASE_ARM64_T6000
1749224424.575413 using libevent 2.1.12-stable select
1749224424.575825 using utf8proc 2.10.0
1749224424.575842 using ncurses 6.5 20240427
1749224424.575868 flags are 0x10010000
1749224424.575877 socket is /private/tmp/tmux-501/default
1749224424.575899 trying connect
1749224424.575974 add peer 0x130008000: 6 (0x0)
1749224424.579806 sending message 100 to peer 0x130008000 (4 bytes)
1749224424.579826 sending message 111 to peer 0x130008000 (8 bytes)
1749224424.579832 sending message 101 to peer 0x130008000 (14 bytes)
1749224424.579837 sending message 109 to peer 0x130008000 (4 bytes)
1749224424.579843 sending message 102 to peer 0x130008000 (13 bytes)
1749224424.579849 sending message 108 to peer 0x130008000 (44 bytes)
1749224424.579854 sending message 112 to peer 0x130008000 (70 bytes)
1749224424.579860 sending message 112 to peer 0x130008000 (5 bytes)
1749224424.579865 sending message 112 to peer 0x130008000 (5 bytes)
1749224424.579870 sending message 112 to peer 0x130008000 (6 bytes)
1749224424.579876 sending message 112 to peer 0x130008000 (6 bytes)
1749224424.579881 sending message 112 to peer 0x130008000 (11 bytes)
1749224424.579887 sending message 112 to peer 0x130008000 (10 bytes)
1749224424.579892 sending message 112 to peer 0x130008000 (13 bytes)
1749224424.579897 sending message 112 to peer 0x130008000 (13 bytes)
1749224424.579903 sending message 112 to peer 0x130008000 (18 bytes)
1749224424.579908 sending message 112 to peer 0x130008000 (11 bytes)
1749224424.579913 sending message 112 to peer 0x130008000 (10 bytes)
1749224424.579919 sending message 112 to peer 0x130008000 (15 bytes)
1749224424.579924 sending message 112 to peer 0x130008000 (21 bytes)
1749224424.579929 sending message 112 to peer 0x130008000 (13 bytes)
1749224424.579935 sending message 112 to peer 0x130008000 (7 bytes)
1749224424.579940 sending message 112 to peer 0x130008000 (13 bytes)
1749224424.579945 sending message 112 to peer 0x130008000 (7 bytes)
1749224424.579951 sending message 112 to peer 0x130008000 (13 bytes)
1749224424.579956 sending message 112 to peer 0x130008000 (9 bytes)
1749224424.579962 sending message 112 to peer 0x130008000 (21 bytes)
1749224424.579968 sending message 112 to peer 0x130008000 (13 bytes)
1749224424.579974 sending message 112 to peer 0x130008000 (8 bytes)
1749224424.579983 sending message 112 to peer 0x130008000 (12 bytes)
1749224424.579989 sending message 112 to peer 0x130008000 (13 bytes)
1749224424.579994 sending message 112 to peer 0x130008000 (9 bytes)
1749224424.579999 sending message 112 to peer 0x130008000 (9 bytes)
1749224424.580005 sending message 112 to peer 0x130008000 (12 bytes)
1749224424.580010 sending message 112 to peer 0x130008000 (8 bytes)
1749224424.580015 sending message 112 to peer 0x130008000 (8 bytes)
1749224424.580021 sending message 112 to peer 0x130008000 (7 bytes)
1749224424.580026 sending message 112 to peer 0x130008000 (7 bytes)
1749224424.580031 sending message 112 to peer 0x130008000 (9 bytes)
1749224424.580037 sending message 112 to peer 0x130008000 (13 bytes)
1749224424.580042 sending message 112 to peer 0x130008000 (6 bytes)
1749224424.580047 sending message 112 to peer 0x130008000 (9 bytes)
1749224424.580052 sending message 112 to peer 0x130008000 (15 bytes)
1749224424.580057 sending message 112 to peer 0x130008000 (13 bytes)
1749224424.580062 sending message 112 to peer 0x130008000 (12 bytes)
1749224424.580068 sending message 112 to peer 0x130008000 (8 bytes)
1749224424.580073 sending message 112 to peer 0x130008000 (14 bytes)
1749224424.580078 sending message 112 to peer 0x130008000 (11 bytes)
1749224424.580083 sending message 112 to peer 0x130008000 (9 bytes)
1749224424.580089 sending message 112 to peer 0x130008000 (10 bytes)
1749224424.580094 sending message 112 to peer 0x130008000 (10 bytes)
1749224424.580099 sending message 112 to peer 0x130008000 (10 bytes)
1749224424.580116 sending message 112 to peer 0x130008000 (10 bytes)
1749224424.580120 sending message 112 to peer 0x130008000 (11 bytes)
1749224424.580124 sending message 112 to peer 0x130008000 (12 bytes)
1749224424.580127 sending message 112 to peer 0x130008000 (12 bytes)
1749224424.580131 sending message 112 to peer 0x130008000 (12 bytes)
1749224424.580135 sending message 112 to peer 0x130008000 (12 bytes)
1749224424.580139 sending message 112 to peer 0x130008000 (12 bytes)
1749224424.580142 sending message 112 to peer 0x130008000 (11 bytes)
1749224424.580146 sending message 112 to peer 0x130008000 (11 bytes)
1749224424.580150 sending message 112 to peer 0x130008000 (12 bytes)
1749224424.580153 sending message 112 to peer 0x130008000 (12 bytes)
1749224424.580157 sending message 112 to peer 0x130008000 (12 bytes)
1749224424.580161 sending message 112 to peer 0x130008000 (12 bytes)
1749224424.580164 sending message 112 to peer 0x130008000 (12 bytes)
1749224424.580168 sending message 112 to peer 0x130008000 (10 bytes)
1749224424.580172 sending message 112 to peer 0x130008000 (12 bytes)
1749224424.580176 sending message 112 to peer 0x130008000 (13 bytes)
1749224424.580179 sending message 112 to peer 0x130008000 (13 bytes)
1749224424.580183 sending message 112 to peer 0x130008000 (13 bytes)
1749224424.580187 sending message 112 to peer 0x130008000 (13 bytes)
1749224424.580191 sending message 112 to peer 0x130008000 (13 bytes)
1749224424.580194 sending message 112 to peer 0x130008000 (8 bytes)
1749224424.580198 sending message 112 to peer 0x130008000 (11 bytes)
1749224424.580202 sending message 112 to peer 0x130008000 (11 bytes)
1749224424.580205 sending message 112 to peer 0x130008000 (11 bytes)
1749224424.580209 sending message 112 to peer 0x130008000 (12 bytes)
1749224424.580213 sending message 112 to peer 0x130008000 (12 bytes)
1749224424.580216 sending message 112 to peer 0x130008000 (12 bytes)
1749224424.580220 sending message 112 to peer 0x130008000 (12 bytes)
1749224424.580223 sending message 112 to peer 0x130008000 (13 bytes)
1749224424.580227 sending message 112 to peer 0x130008000 (13 bytes)
1749224424.580231 sending message 112 to peer 0x130008000 (13 bytes)
1749224424.580234 sending message 112 to peer 0x130008000 (8 bytes)
1749224424.580238 sending message 112 to peer 0x130008000 (13 bytes)
1749224424.580242 sending message 112 to peer 0x130008000 (13 bytes)
1749224424.580245 sending message 112 to peer 0x130008000 (13 bytes)
1749224424.580249 sending message 112 to peer 0x130008000 (13 bytes)
1749224424.580253 sending message 112 to peer 0x130008000 (13 bytes)
1749224424.580256 sending message 112 to peer 0x130008000 (12 bytes)
1749224424.580260 sending message 112 to peer 0x130008000 (12 bytes)
1749224424.580264 sending message 112 to peer 0x130008000 (12 bytes)
1749224424.580267 sending message 112 to peer 0x130008000 (12 bytes)
1749224424.580271 sending message 112 to peer 0x130008000 (13 bytes)
1749224424.580274 sending message 112 to peer 0x130008000 (8 bytes)
1749224424.580278 sending message 112 to peer 0x130008000 (13 bytes)
1749224424.580282 sending message 112 to peer 0x130008000 (13 bytes)
1749224424.580285 sending message 112 to peer 0x130008000 (13 bytes)
1749224424.580289 sending message 112 to peer 0x130008000 (13 bytes)
1749224424.580293 sending message 112 to peer 0x130008000 (13 bytes)
1749224424.580296 sending message 112 to peer 0x130008000 (13 bytes)
1749224424.580300 sending message 112 to peer 0x130008000 (13 bytes)
1749224424.580304 sending message 112 to peer 0x130008000 (12 bytes)
1749224424.580307 sending message 112 to peer 0x130008000 (12 bytes)
1749224424.580311 sending message 112 to peer 0x130008000 (12 bytes)
1749224424.580315 sending message 112 to peer 0x130008000 (8 bytes)
1749224424.580318 sending message 112 to peer 0x130008000 (12 bytes)
1749224424.580322 sending message 112 to peer 0x130008000 (13 bytes)
1749224424.580326 sending message 112 to peer 0x130008000 (13 bytes)
1749224424.580330 sending message 112 to peer 0x130008000 (13 bytes)
1749224424.580333 sending message 112 to peer 0x130008000 (13 bytes)
1749224424.580346 sending message 112 to peer 0x130008000 (13 bytes)
1749224424.580350 sending message 112 to peer 0x130008000 (13 bytes)
1749224424.580353 sending message 112 to peer 0x130008000 (13 bytes)
1749224424.580357 sending message 112 to peer 0x130008000 (13 bytes)
1749224424.580361 sending message 112 to peer 0x130008000 (12 bytes)
1749224424.580364 sending message 112 to peer 0x130008000 (10 bytes)
1749224424.580368 sending message 112 to peer 0x130008000 (12 bytes)
1749224424.580372 sending message 112 to peer 0x130008000 (12 bytes)
1749224424.580375 sending message 112 to peer 0x130008000 (12 bytes)
1749224424.580379 sending message 112 to peer 0x130008000 (13 bytes)
1749224424.580383 sending message 112 to peer 0x130008000 (13 bytes)
1749224424.580387 sending message 112 to peer 0x130008000 (13 bytes)
1749224424.580391 sending message 112 to peer 0x130008000 (13 bytes)
1749224424.580394 sending message 112 to peer 0x130008000 (13 bytes)
1749224424.580398 sending message 112 to peer 0x130008000 (13 bytes)
1749224424.580401 sending message 112 to peer 0x130008000 (13 bytes)
1749224424.580405 sending message 112 to peer 0x130008000 (10 bytes)
1749224424.580409 sending message 112 to peer 0x130008000 (13 bytes)
1749224424.580413 sending message 112 to peer 0x130008000 (12 bytes)
1749224424.580417 sending message 112 to peer 0x130008000 (12 bytes)
1749224424.580421 sending message 112 to peer 0x130008000 (12 bytes)
1749224424.580426 sending message 112 to peer 0x130008000 (10 bytes)
1749224424.580431 sending message 112 to peer 0x130008000 (10 bytes)
1749224424.580437 sending message 112 to peer 0x130008000 (10 bytes)
1749224424.580442 sending message 112 to peer 0x130008000 (12 bytes)
1749224424.580447 sending message 112 to peer 0x130008000 (13 bytes)
1749224424.580452 sending message 112 to peer 0x130008000 (13 bytes)
1749224424.580456 sending message 112 to peer 0x130008000 (13 bytes)
1749224424.580460 sending message 112 to peer 0x130008000 (13 bytes)
1749224424.580464 sending message 112 to peer 0x130008000 (13 bytes)
1749224424.580467 sending message 112 to peer 0x130008000 (11 bytes)
1749224424.580471 sending message 112 to peer 0x130008000 (11 bytes)
1749224424.580475 sending message 112 to peer 0x130008000 (12 bytes)
1749224424.580478 sending message 112 to peer 0x130008000 (12 bytes)
1749224424.580482 sending message 112 to peer 0x130008000 (12 bytes)
1749224424.580485 sending message 112 to peer 0x130008000 (12 bytes)
1749224424.580489 sending message 112 to peer 0x130008000 (12 bytes)
1749224424.580493 sending message 112 to peer 0x130008000 (11 bytes)
1749224424.580496 sending message 112 to peer 0x130008000 (12 bytes)
1749224424.580500 sending message 112 to peer 0x130008000 (12 bytes)
1749224424.580504 sending message 112 to peer 0x130008000 (13 bytes)
1749224424.580507 sending message 112 to peer 0x130008000 (13 bytes)
1749224424.580511 sending message 112 to peer 0x130008000 (13 bytes)
1749224424.580514 sending message 112 to peer 0x130008000 (13 bytes)
1749224424.580518 sending message 112 to peer 0x130008000 (13 bytes)
1749224424.580522 sending message 112 to peer 0x130008000 (10 bytes)
1749224424.580525 sending message 112 to peer 0x130008000 (9 bytes)
1749224424.580529 sending message 112 to peer 0x130008000 (12 bytes)
1749224424.580533 sending message 112 to peer 0x130008000 (13 bytes)
1749224424.580536 sending message 112 to peer 0x130008000 (13 bytes)
1749224424.580540 sending message 112 to peer 0x130008000 (13 bytes)
1749224424.580543 sending message 112 to peer 0x130008000 (13 bytes)
1749224424.580547 sending message 112 to peer 0x130008000 (13 bytes)
1749224424.580551 sending message 112 to peer 0x130008000 (9 bytes)
1749224424.580554 sending message 112 to peer 0x130008000 (12 bytes)
1749224424.580558 sending message 112 to peer 0x130008000 (13 bytes)
1749224424.580562 sending message 112 to peer 0x130008000 (13 bytes)
1749224424.580565 sending message 112 to peer 0x130008000 (13 bytes)
1749224424.580569 sending message 112 to peer 0x130008000 (13 bytes)
1749224424.580581 sending message 112 to peer 0x130008000 (13 bytes)
1749224424.580585 sending message 112 to peer 0x130008000 (11 bytes)
1749224424.580589 sending message 112 to peer 0x130008000 (12 bytes)
1749224424.580592 sending message 112 to peer 0x130008000 (13 bytes)
1749224424.580596 sending message 112 to peer 0x130008000 (13 bytes)
1749224424.580600 sending message 112 to peer 0x130008000 (13 bytes)
1749224424.580604 sending message 112 to peer 0x130008000 (13 bytes)
1749224424.580608 sending message 112 to peer 0x130008000 (13 bytes)
1749224424.580612 sending message 112 to peer 0x130008000 (11 bytes)
1749224424.580616 sending message 112 to peer 0x130008000 (12 bytes)
1749224424.580621 sending message 112 to peer 0x130008000 (12 bytes)
1749224424.580625 sending message 112 to peer 0x130008000 (12 bytes)
1749224424.580629 sending message 112 to peer 0x130008000 (12 bytes)
1749224424.580633 sending message 112 to peer 0x130008000 (12 bytes)
1749224424.580638 sending message 112 to peer 0x130008000 (21 bytes)
1749224424.580642 sending message 112 to peer 0x130008000 (12 bytes)
1749224424.580647 sending message 112 to peer 0x130008000 (9 bytes)
1749224424.580651 sending message 112 to peer 0x130008000 (6 bytes)
1749224424.580655 sending message 112 to peer 0x130008000 (13 bytes)
1749224424.580659 sending message 112 to peer 0x130008000 (8 bytes)
1749224424.580662 sending message 112 to peer 0x130008000 (15 bytes)
1749224424.580667 sending message 112 to peer 0x130008000 (13 bytes)
1749224424.580670 sending message 112 to peer 0x130008000 (9 bytes)
1749224424.580674 sending message 112 to peer 0x130008000 (70 bytes)
1749224424.580678 sending message 112 to peer 0x130008000 (69 bytes)
1749224424.580682 sending message 112 to peer 0x130008000 (10 bytes)
1749224424.580685 sending message 112 to peer 0x130008000 (10 bytes)
1749224424.580689 sending message 112 to peer 0x130008000 (8 bytes)
1749224424.580693 sending message 112 to peer 0x130008000 (15 bytes)
1749224424.580698 sending message 112 to peer 0x130008000 (13 bytes)
1749224424.580703 sending message 112 to peer 0x130008000 (10 bytes)
1749224424.580709 sending message 112 to peer 0x130008000 (10 bytes)
1749224424.580715 sending message 112 to peer 0x130008000 (17 bytes)
1749224424.580719 sending message 112 to peer 0x130008000 (10 bytes)
1749224424.580722 sending message 112 to peer 0x130008000 (13 bytes)
1749224424.580726 sending message 112 to peer 0x130008000 (9 bytes)
1749224424.580730 sending message 112 to peer 0x130008000 (5 bytes)
1749224424.580734 sending message 112 to peer 0x130008000 (15 bytes)
1749224424.580740 sending message 104 to peer 0x130008000 (0 bytes)
1749224424.580746 sending message 110 to peer 0x130008000 (0 bytes)
1749224424.580752 sending message 107 to peer 0x130008000 (4 bytes)
1749224424.580756 sending message 105 to peer 0x130008000 (20 bytes)
1749224424.580760 sending message 105 to peer 0x130008000 (22 bytes)
1749224424.580764 sending message 105 to peer 0x130008000 (64 bytes)
1749224424.580767 sending message 105 to peer 0x130008000 (57 bytes)
1749224424.580771 sending message 105 to peer 0x130008000 (75 bytes)
1749224424.580775 sending message 105 to peer 0x130008000 (36 bytes)
1749224424.580778 sending message 105 to peer 0x130008000 (28 bytes)
1749224424.580782 sending message 105 to peer 0x130008000 (37 bytes)
1749224424.580786 sending message 105 to peer 0x130008000 (30 bytes)
1749224424.580790 sending message 105 to peer 0x130008000 (34 bytes)
1749224424.580794 sending message 105 to peer 0x130008000 (60 bytes)
1749224424.580797 sending message 105 to peer 0x130008000 (17 bytes)
1749224424.580801 sending message 105 to peer 0x130008000 (8 bytes)
1749224424.580805 sending message 105 to peer 0x130008000 (24 bytes)
1749224424.580809 sending message 105 to peer 0x130008000 (32 bytes)
1749224424.580813 sending message 105 to peer 0x130008000 (182 bytes)
1749224424.580817 sending message 105 to peer 0x130008000 (51 bytes)
1749224424.580821 sending message 105 to peer 0x130008000 (11 bytes)
1749224424.580837 sending message 105 to peer 0x130008000 (761 bytes)
1749224424.580841 sending message 105 to peer 0x130008000 (48 bytes)
1749224424.580845 sending message 105 to peer 0x130008000 (15 bytes)
1749224424.580849 sending message 105 to peer 0x130008000 (8 bytes)
1749224424.580853 sending message 105 to peer 0x130008000 (66 bytes)
1749224424.580857 sending message 105 to peer 0x130008000 (19 bytes)
1749224424.580860 sending message 105 to peer 0x130008000 (63 bytes)
1749224424.580864 sending message 105 to peer 0x130008000 (18 bytes)
1749224424.580868 sending message 105 to peer 0x130008000 (25 bytes)
1749224424.580872 sending message 105 to peer 0x130008000 (57 bytes)
1749224424.580876 sending message 105 to peer 0x130008000 (42 bytes)
1749224424.580880 sending message 105 to peer 0x130008000 (13 bytes)
1749224424.580884 sending message 105 to peer 0x130008000 (21 bytes)
1749224424.580887 sending message 105 to peer 0x130008000 (47 bytes)
1749224424.580891 sending message 105 to peer 0x130008000 (98 bytes)
1749224424.580895 sending message 105 to peer 0x130008000 (14 bytes)
1749224424.580903 sending message 105 to peer 0x130008000 (19 bytes)
1749224424.580907 sending message 105 to peer 0x130008000 (38 bytes)
1749224424.580910 sending message 105 to peer 0x130008000 (43 bytes)
1749224424.580914 sending message 105 to peer 0x130008000 (32 bytes)
1749224424.580918 sending message 105 to peer 0x130008000 (128 bytes)
1749224424.580922 sending message 105 to peer 0x130008000 (70 bytes)
1749224424.580926 sending message 105 to peer 0x130008000 (64 bytes)
1749224424.580929 sending message 105 to peer 0x130008000 (25 bytes)
1749224424.580933 sending message 106 to peer 0x130008000 (0 bytes)
1749224424.581019 sending message 200 to peer 0x130008000 (4 bytes)
1749224424.581025 client loop enter
1749224424.581252 peer 0x130008000 message 303
1749224424.581267 open write file 2 -
1749224424.581290 sending message 305 to peer 0x130008000 (8 bytes)
1749224424.581301 write check file 2
1749224424.581341 peer 0x130008000 message 304
1749224424.581350 write 58 to file 2
1749224424.581357 peer 0x130008000 message 203
1749224424.581363 file 2 58 bytes left
1749224424.581380 write check file 2
1749224424.581385 client loop exit
